Symbol range map extraction starting
Processing 33 files
startProcessing "com\blockvader\enchantingtweaks\BookshelfItemStackHandler.java" md5: 80ce73643e25e076170acc0f9d2519c2
Cache Hit!
endProcessing "com\blockvader\enchantingtweaks\BookshelfItemStackHandler.java"

startProcessing "com\blockvader\enchantingtweaks\ConfigHandler.java" md5: 8b5d6a1c40242bf6a9aa58af01d3c625
Cache Hit!
endProcessing "com\blockvader\enchantingtweaks\ConfigHandler.java"

startProcessing "com\blockvader\enchantingtweaks\Main.java" md5: 58d28676c79a74be74a0d0a4d945dc32
endProcessing "com\blockvader\enchantingtweaks\Main.java"

startProcessing "com\blockvader\enchantingtweaks\ModGUIHandler.java" md5: ea96ff85f9feaa049e0558f607d026c5
Cache Hit!
endProcessing "com\blockvader\enchantingtweaks\ModGUIHandler.java"

startProcessing "com\blockvader\enchantingtweaks\PotionCounterattack.java" md5: 357b6ab977143bdc86907674047615b9
Cache Hit!
endProcessing "com\blockvader\enchantingtweaks\PotionCounterattack.java"

startProcessing "com\blockvader\enchantingtweaks\RecipeCondition.java" md5: 4088ffeb801a923da3c511cce81d046b
Cache Hit!
endProcessing "com\blockvader\enchantingtweaks\RecipeCondition.java"

startProcessing "com\blockvader\enchantingtweaks\blocks\BlockBookshelfContainer.java" md5: 1f63a8af21c4326114ed55c438d00783
Cache Hit!
endProcessing "com\blockvader\enchantingtweaks\blocks\BlockBookshelfContainer.java"

startProcessing "com\blockvader\enchantingtweaks\client\ClientEventHandler.java" md5: 13a19359c2769c8ad6470f2ff9d80b28
Cache Hit!
endProcessing "com\blockvader\enchantingtweaks\client\ClientEventHandler.java"

startProcessing "com\blockvader\enchantingtweaks\client\gui\GuiBookshelf.java" md5: 4dff294c07b1c7ebf329c6b89bd60cee
Cache Hit!
endProcessing "com\blockvader\enchantingtweaks\client\gui\GuiBookshelf.java"

startProcessing "com\blockvader\enchantingtweaks\client\gui\GuiEnchantmentTweaked.java" md5: 65021be62c59c474e33ae986d6da15a2
Cache Hit!
endProcessing "com\blockvader\enchantingtweaks\client\gui\GuiEnchantmentTweaked.java"

startProcessing "com\blockvader\enchantingtweaks\client\gui\GuiEnchantmentWithLapis.java" md5: 6a87e58dfe9ea47f80ab8ff54a047be5
Cache Hit!
endProcessing "com\blockvader\enchantingtweaks\client\gui\GuiEnchantmentWithLapis.java"

startProcessing "com\blockvader\enchantingtweaks\client\gui\GuiFactoryEnchantingTweaks.java" md5: 71a4025b76b2df94582bdec6093a0d9a
Cache Hit!
endProcessing "com\blockvader\enchantingtweaks\client\gui\GuiFactoryEnchantingTweaks.java"

startProcessing "com\blockvader\enchantingtweaks\client\model\ModelBookshelf.java" md5: 1d7a1e7e0d39329808f1c7588746d189
Cache Hit!
endProcessing "com\blockvader\enchantingtweaks\client\model\ModelBookshelf.java"

startProcessing "com\blockvader\enchantingtweaks\client\model\ModelRegistry.java" md5: dd56fa9e62a3c28cf46bf7d475d23ebd
Cache Hit!
endProcessing "com\blockvader\enchantingtweaks\client\model\ModelRegistry.java"

startProcessing "com\blockvader\enchantingtweaks\client\renderer\RenderBookshelf.java" md5: fb3ffddf6332292f090d0c95cfce1060
Cache Hit!
endProcessing "com\blockvader\enchantingtweaks\client\renderer\RenderBookshelf.java"

startProcessing "com\blockvader\enchantingtweaks\enchantments\EnchantmentCounterattack.java" md5: cdb5bfe3147b19a0a55265c107f6d140
Cache Hit!
endProcessing "com\blockvader\enchantingtweaks\enchantments\EnchantmentCounterattack.java"

startProcessing "com\blockvader\enchantingtweaks\enchantments\EnchantmentDataWithBonus.java" md5: e135ea0f453e5f2e039b48664a41514d
Cache Hit!
endProcessing "com\blockvader\enchantingtweaks\enchantments\EnchantmentDataWithBonus.java"

startProcessing "com\blockvader\enchantingtweaks\enchantments\EnchantmentSpellproof.java" md5: 2925b3068d5e8e2efa0b25d9cd965451
Cache Hit!
endProcessing "com\blockvader\enchantingtweaks\enchantments\EnchantmentSpellproof.java"

startProcessing "com\blockvader\enchantingtweaks\enchantments\EnchantmentWeightless.java" md5: f4001096407af8dfb9685c7d6fec357b
Cache Hit!
endProcessing "com\blockvader\enchantingtweaks\enchantments\EnchantmentWeightless.java"

startProcessing "com\blockvader\enchantingtweaks\eventhandler\ConfigEventHandler.java" md5: f9e0566f327f950083b5220cb046f570
Cache Hit!
endProcessing "com\blockvader\enchantingtweaks\eventhandler\ConfigEventHandler.java"

startProcessing "com\blockvader\enchantingtweaks\eventhandler\EnchantmentHandler.java" md5: 5947cc4c9cba6d3897c9057ffbcb5542
Cache Hit!
endProcessing "com\blockvader\enchantingtweaks\eventhandler\EnchantmentHandler.java"

startProcessing "com\blockvader\enchantingtweaks\eventhandler\OpenCustomGUI.java" md5: 95d8ff0156ea217608ce7bb30924f1a5
Cache Hit!
endProcessing "com\blockvader\enchantingtweaks\eventhandler\OpenCustomGUI.java"

startProcessing "com\blockvader\enchantingtweaks\init\ModBlocks.java" md5: 461ac89f16e330857005092483e82af4
Cache Hit!
endProcessing "com\blockvader\enchantingtweaks\init\ModBlocks.java"

startProcessing "com\blockvader\enchantingtweaks\init\ModEnchantments.java" md5: 19279e4cc60f6b36ac2aa55cb6d8bf1e
Cache Hit!
endProcessing "com\blockvader\enchantingtweaks\init\ModEnchantments.java"

startProcessing "com\blockvader\enchantingtweaks\init\ModItems.java" md5: bab3114727a684eed3d0b78e0a5c9043
Cache Hit!
endProcessing "com\blockvader\enchantingtweaks\init\ModItems.java"

startProcessing "com\blockvader\enchantingtweaks\inventory\ContainerBookshelf.java" md5: 08d5ccff1314907b4be96cbc1f231903
Cache Hit!
endProcessing "com\blockvader\enchantingtweaks\inventory\ContainerBookshelf.java"

startProcessing "com\blockvader\enchantingtweaks\inventory\ContainerEnchantmentTweaked.java" md5: 807368295430e609ad1e06e2f56926ff
Cache Hit!
endProcessing "com\blockvader\enchantingtweaks\inventory\ContainerEnchantmentTweaked.java"

startProcessing "com\blockvader\enchantingtweaks\inventory\ContainerEnchantmentWithLapis.java" md5: 4152c8876ed2ed3d132431d70811dc8a
Cache Hit!
endProcessing "com\blockvader\enchantingtweaks\inventory\ContainerEnchantmentWithLapis.java"

startProcessing "com\blockvader\enchantingtweaks\items\ItemBookshelfContainer.java" md5: 16238fe1c014beee24b13efe5ca44d23
Cache Hit!
endProcessing "com\blockvader\enchantingtweaks\items\ItemBookshelfContainer.java"

startProcessing "com\blockvader\enchantingtweaks\proxy\ClientProxy.java" md5: c01eab58fc5ec5fe6bbca6daa2345e40
Cache Hit!
endProcessing "com\blockvader\enchantingtweaks\proxy\ClientProxy.java"

startProcessing "com\blockvader\enchantingtweaks\proxy\CommonProxy.java" md5: 325dcd2d72188b21f34ef11080bf0ded
Cache Hit!
endProcessing "com\blockvader\enchantingtweaks\proxy\CommonProxy.java"

startProcessing "com\blockvader\enchantingtweaks\proxy\ServerProxy.java" md5: d3f8c6eb26f44e4851001347ed6fb467
Cache Hit!
endProcessing "com\blockvader\enchantingtweaks\proxy\ServerProxy.java"

startProcessing "com\blockvader\enchantingtweaks\tileentities\TileEntityBookshelf.java" md5: 8d84a3afc9bbafe50b34aaeee7c49fd0
Cache Hit!
endProcessing "com\blockvader\enchantingtweaks\tileentities\TileEntityBookshelf.java"

